<?xml version="1.0" encoding="UTF-8"?>
<!-- Generated by org.testng.reporters.JUnitReportReporter -->
<testsuite skipped="0" hostname="Eds-PC" name="com.hrms.testcases.LoginTest" tests="1" failures="0" timestamp="2020-09-06T14:52:40 EDT" time="9.847" errors="0">
  <testcase name="validLogin" time="9.847" classname="com.hrms.testcases.LoginTest"/>
  <system-out/>
</testsuite> <!-- com.hrms.testcases.LoginTest -->
